<?xml version="1.0" encoding="UTF-8"?>
<robot generator="Robot 7.2.2 (Python 3.13.1 on win32)" generated="2025-02-19T15:28:52.700347" rpa="false" schemaversion="5">
<suite id="s1" name="Salesforce" source="C:\Users\LaraibKhalid\PycharmProjects\SMARTCRM-Automation\Automation\salesforce.robot">
<kw name="Open Different Browser" type="SETUP">
<kw name="Open Browser" owner="SeleniumLibrary">
<msg time="2025-02-19T15:28:53.364354" level="INFO">Opening browser 'Chrome' to base url 'https://raptorsconsulting--qasmartcrm.sandbox.lightning.force.com/'.</msg>
<arg>https://raptorsconsulting--qasmartcrm.sandbox.lightning.force.com/</arg>
<arg>Chrome</arg>
<doc>Opens a new browser instance to the optional ``url``.</doc>
<status status="PASS" start="2025-02-19T15:28:53.364017" elapsed="9.203757"/>
</kw>
<kw name="Maximize Browser Window" owner="SeleniumLibrary">
<doc>Maximizes current browser window.</doc>
<status status="PASS" start="2025-02-19T15:29:02.569177" elapsed="0.047517"/>
</kw>
<status status="PASS" start="2025-02-19T15:28:53.361841" elapsed="9.255133"/>
</kw>
<test id="s1-t1" name="Testcase_1: Verify Login Functionality" line="25">
<kw name="Login" owner="Login">
<kw name="Input Text" owner="SeleniumLibrary">
<msg time="2025-02-19T15:29:02.619415" level="INFO">Typing text 'admin.qasmartcrm@bssuniversal.com' into text field '//*[@id="username"]'.</msg>
<arg>${USERNAME_XPATH}</arg>
<arg>${USERNAME_VALUE}</arg>
<doc>Types the given ``text`` into the text field identified by ``locator``.</doc>
<status status="PASS" start="2025-02-19T15:29:02.618807" elapsed="0.228469"/>
</kw>
<kw name="Input Password" owner="SeleniumLibrary">
<msg time="2025-02-19T15:29:02.848154" level="INFO">Typing password into text field '//*[@id="password"]'.</msg>
<msg time="2025-02-19T15:29:02.897434" level="INFO">Temporally setting log level to: NONE</msg>
<arg>${PASSWORD_XPATH}</arg>
<arg>${PASSWORD_VALUE}</arg>
<doc>Types the given password into the text field identified by ``locator``.</doc>
<status status="PASS" start="2025-02-19T15:29:02.847662" elapsed="0.140642"/>
</kw>
<kw name="Click Button" owner="SeleniumLibrary">
<msg time="2025-02-19T15:29:02.988878" level="INFO">Clicking button '//*[@id="Login"]'.</msg>
<arg>${LOGIN_BUTTON_XPATH}</arg>
<doc>Clicks the button identified by ``locator``.</doc>
<status status="PASS" start="2025-02-19T15:29:02.988608" elapsed="10.542561"/>
</kw>
<kw name="Wait Until Element Is Visible" owner="SeleniumLibrary">
<arg>${CRM_TEXT_VISIBLE}</arg>
<arg>10s</arg>
<doc>Waits until the element ``locator`` is visible.</doc>
<status status="PASS" start="2025-02-19T15:29:13.531543" elapsed="0.100986"/>
</kw>
<status status="PASS" start="2025-02-19T15:29:02.618289" elapsed="11.014349"/>
</kw>
<status status="PASS" start="2025-02-19T15:29:02.617190" elapsed="11.015741"/>
</test>
<kw name="Close Browser" owner="SeleniumLibrary" type="TEARDOWN">
<doc>Closes the current browser.</doc>
<status status="PASS" start="2025-02-19T15:29:13.633789" elapsed="2.191799"/>
</kw>
<status status="PASS" start="2025-02-19T15:28:52.701861" elapsed="23.123957"/>
</suite>
<statistics>
<total>
<stat pass="1" fail="0" skip="0">All Tests</stat>
</total>
<tag>
</tag>
<suite>
<stat name="Salesforce" id="s1" pass="1" fail="0" skip="0">Salesforce</stat>
</suite>
</statistics>
<errors>
</errors>
</robot>
